<?xml version="1.0" encoding="UTF-8"?>
<testsuite name="edu.coursera.concurrent.BoruvkaPerformanceTest" time="92.846" tests="2" errors="0" skipped="0" failures="2">
  <properties>
    <property name="idea.version" value="2018.1.5"/>
    <property name="java.runtime.name" value="Java(TM) SE Runtime Environment"/>
    <property name="java.vm.version" value="10.0.1+10"/>
    <property name="sun.boot.library.path" value="/Library/Java/JavaVirtualMachines/jdk-10.0.1.jdk/Contents/Home/lib"/>
    <property name="gopherProxySet" value="false"/>
    <property name="maven.multiModuleProjectDirectory" value="/Users/mitsunari/Documents/Coursera-Parallel-Concurrent-and-Distributed-Programming-in-Java-Specialization/Concurrent_Programming/miniproject_4_Concurrent_Data_Structures"/>
    <property name="java.vm.vendor" value="&quot;Oracle Corporation&quot;"/>
    <property name="java.vendor.url" value="http://java.oracle.com/"/>
    <property name="guice.disable.misplaced.annotation.check" value="true"/>
    <property name="path.separator" value=":"/>
    <property name="java.vm.name" value="Java HotSpot(TM) 64-Bit Server VM"/>
    <property name="file.encoding.pkg" value="sun.io"/>
    <property name="sun.os.patch.level" value="unknown"/>
    <property name="user.country" value="AU"/>
    <property name="sun.java.launcher" value="SUN_STANDARD"/>
    <property name="java.vm.specification.name" value="Java Virtual Machine Specification"/>
    <property name="user.dir" value="/Users/mitsunari/Documents/Coursera-Parallel-Concurrent-and-Distributed-Programming-in-Java-Specialization/Concurrent_Programming/miniproject_4_Concurrent_Data_Structures"/>
    <property name="java.vm.compressedOopsMode" value="Zero based"/>
    <property name="java.runtime.version" value="10.0.1+10"/>
    <property name="java.awt.graphicsenv" value="sun.awt.CGraphicsEnvironment"/>
    <property name="os.arch" value="x86_64"/>
    <property name="java.io.tmpdir" value="/var/folders/nx/zxlxq5vn6r1b242vmqy6g5rw0000gn/T/"/>
    <property name="line.separator" value="&#10;"/>
    <property name="java.vm.specification.vendor" value="Oracle Corporation"/>
    <property name="os.name" value="Mac OS X"/>
    <property name="classworlds.conf" value="/Applications/IntelliJ IDEA CE.app/Contents/plugins/maven/lib/maven3/bin/m2.conf"/>
    <property name="sun.jnu.encoding" value="UTF-8"/>
    <property name="java.library.path" value="/Users/mitsunari/Library/Java/Extensions:/Library/Java/Extensions:/Network/Library/Java/Extensions:/System/Library/Java/Extensions:/usr/lib/java:."/>
    <property name="jdk.debug" value="release"/>
    <property name="java.class.version" value="54.0"/>
    <property name="java.specification.name" value="Java Platform API Specification"/>
    <property name="sun.management.compiler" value="HotSpot 64-Bit Tiered Compilers"/>
    <property name="os.version" value="10.13.6"/>
    <property name="http.nonProxyHosts" value="local|*.local|169.254/16|*.169.254/16"/>
    <property name="user.home" value="/Users/mitsunari"/>
    <property name="user.timezone" value="Australia/Sydney"/>
    <property name="java.awt.printerjob" value="sun.lwawt.macosx.CPrinterJob"/>
    <property name="file.encoding" value="UTF-8"/>
    <property name="java.specification.version" value="10"/>
    <property name="user.name" value="mitsunari"/>
    <property name="java.class.path" value="/Applications/IntelliJ IDEA CE.app/Contents/plugins/maven/lib/maven3/boot/plexus-classworlds-2.5.2.jar"/>
    <property name="java.vm.specification.version" value="10"/>
    <property name="sun.arch.data.model" value="64"/>
    <property name="sun.java.command" value="org.codehaus.classworlds.Launcher -Didea.version=2018.1.5 test -f pom.xml"/>
    <property name="java.home" value="/Library/Java/JavaVirtualMachines/jdk-10.0.1.jdk/Contents/Home"/>
    <property name="user.language" value="en"/>
    <property name="java.specification.vendor" value="Oracle Corporation"/>
    <property name="awt.toolkit" value="sun.lwawt.macosx.LWCToolkit"/>
    <property name="java.vm.info" value="mixed mode"/>
    <property name="java.version" value="10.0.1"/>
    <property name="java.vendor" value="Oracle Corporation"/>
    <property name="maven.home" value="/Applications/IntelliJ IDEA CE.app/Contents/plugins/maven/lib/maven3"/>
    <property name="file.separator" value="/"/>
    <property name="java.version.date" value="2018-04-17"/>
    <property name="java.vendor.url.bug" value="http://bugreport.java.com/bugreport/"/>
    <property name="sun.io.unicode.encoding" value="UnicodeBig"/>
    <property name="sun.cpu.endian" value="little"/>
    <property name="java.vendor.version" value="18.3"/>
    <property name="socksNonProxyHosts" value="local|*.local|169.254/16|*.169.254/16"/>
    <property name="ftp.nonProxyHosts" value="local|*.local|169.254/16|*.169.254/16"/>
    <property name="sun.cpu.isalist" value=""/>
  </properties>
  <testcase name="testInputUSAroadFLA" classname="edu.coursera.concurrent.BoruvkaPerformanceTest" time="38.786">
    <failure message="expected:&lt;1070375&gt; but was:&lt;1070424&gt;" type="junit.framework.AssertionFailedError"><![CDATA[junit.framework.AssertionFailedError: expected:<1070375> but was:<1070424>
	at junit.framework.Assert.fail(Assert.java:47)
	at junit.framework.Assert.failNotEquals(Assert.java:280)
	at junit.framework.Assert.assertEquals(Assert.java:64)
	at junit.framework.Assert.assertEquals(Assert.java:133)
	at junit.framework.Assert.assertEquals(Assert.java:139)
	at edu.coursera.concurrent.BoruvkaPerformanceTest.testInputUSAroadFLA(BoruvkaPerformanceTest.java:110)
]]></failure>
    <system-err><![CDATA[  src/main/resources/boruvka/USA-road-d.FLA.gr.gz - edu.coursera.concurrent.boruvka.sequential.SeqBoruvka - 1472
  src/main/resources/boruvka/USA-road-d.FLA.gr.gz - edu.coursera.concurrent.boruvka.sequential.SeqBoruvka - 1488
  src/main/resources/boruvka/USA-road-d.FLA.gr.gz - edu.coursera.concurrent.boruvka.sequential.SeqBoruvka - 1505
  src/main/resources/boruvka/USA-road-d.FLA.gr.gz - edu.coursera.concurrent.boruvka.sequential.SeqBoruvka - 1471
  src/main/resources/boruvka/USA-road-d.FLA.gr.gz - edu.coursera.concurrent.boruvka.sequential.SeqBoruvka - 1352
  src/main/resources/boruvka/USA-road-d.FLA.gr.gz - edu.coursera.concurrent.ParBoruvka - 1061
  src/main/resources/boruvka/USA-road-d.FLA.gr.gz - edu.coursera.concurrent.ParBoruvka - 770
  src/main/resources/boruvka/USA-road-d.FLA.gr.gz - edu.coursera.concurrent.ParBoruvka - 537
  src/main/resources/boruvka/USA-road-d.FLA.gr.gz - edu.coursera.concurrent.ParBoruvka - 867
  src/main/resources/boruvka/USA-road-d.FLA.gr.gz - edu.coursera.concurrent.ParBoruvka - 530
]]></system-err>
  </testcase>
  <testcase name="testInputUSAroadNE" classname="edu.coursera.concurrent.BoruvkaPerformanceTest" time="54.06">
    <failure message="expected:&lt;1524452&gt; but was:&lt;1524456&gt;" type="junit.framework.AssertionFailedError"><![CDATA[junit.framework.AssertionFailedError: expected:<1524452> but was:<1524456>
	at junit.framework.Assert.fail(Assert.java:47)
	at junit.framework.Assert.failNotEquals(Assert.java:280)
	at junit.framework.Assert.assertEquals(Assert.java:64)
	at junit.framework.Assert.assertEquals(Assert.java:133)
	at junit.framework.Assert.assertEquals(Assert.java:139)
	at edu.coursera.concurrent.BoruvkaPerformanceTest.testInputUSAroadNE(BoruvkaPerformanceTest.java:121)
]]></failure>
    <system-err><![CDATA[  src/main/resources/boruvka/USA-road-d.NE.gr.gz - edu.coursera.concurrent.boruvka.sequential.SeqBoruvka - 2232
  src/main/resources/boruvka/USA-road-d.NE.gr.gz - edu.coursera.concurrent.boruvka.sequential.SeqBoruvka - 1713
  src/main/resources/boruvka/USA-road-d.NE.gr.gz - edu.coursera.concurrent.boruvka.sequential.SeqBoruvka - 1668
  src/main/resources/boruvka/USA-road-d.NE.gr.gz - edu.coursera.concurrent.boruvka.sequential.SeqBoruvka - 1717
  src/main/resources/boruvka/USA-road-d.NE.gr.gz - edu.coursera.concurrent.boruvka.sequential.SeqBoruvka - 1833
  src/main/resources/boruvka/USA-road-d.NE.gr.gz - edu.coursera.concurrent.ParBoruvka - 1322
  src/main/resources/boruvka/USA-road-d.NE.gr.gz - edu.coursera.concurrent.ParBoruvka - 1546
  src/main/resources/boruvka/USA-road-d.NE.gr.gz - edu.coursera.concurrent.ParBoruvka - 1192
  src/main/resources/boruvka/USA-road-d.NE.gr.gz - edu.coursera.concurrent.ParBoruvka - 1363
  src/main/resources/boruvka/USA-road-d.NE.gr.gz - edu.coursera.concurrent.ParBoruvka - 1442
]]></system-err>
  </testcase>
</testsuite>